This is pdfTeX, Version 3.14159265-2.6-1.40.17 (TeX Live 2016/Debian) (preloaded format=pdflatex 2017.2.10)  20 APR 2017 22:56
entering extended mode
 restricted \write18 enabled.
 file:line:error style messages enabled.
 %&-line parsing enabled.
**final.tex
(/media/zero/data1/projects/finished/cnn-viz/git_repo/final/final.tex
LaTeX2e <2016/03/31> patch level 3
Babel <3.9r> and hyphenation patterns for 83 language(s) loaded.
(/usr/share/texlive/texmf-dist/tex/latex/base/article.cls
Document Class: article 2014/09/29 v1.4h Standard LaTeX document class
(/usr/share/texlive/texmf-dist/tex/latex/base/size10.clo
File: size10.clo 2014/09/29 v1.4h Standard LaTeX file (size option)
)
\c@part=\count79
\c@section=\count80
\c@subsection=\count81
\c@subsubsection=\count82
\c@paragraph=\count83
\c@subparagraph=\count84
\c@figure=\count85
\c@table=\count86
\abovecaptionskip=\skip41
\belowcaptionskip=\skip42
\bibindent=\dimen102
) (/media/zero/data1/projects/finished/cnn-viz/git_repo/final/iclr2016_conference.sty (/usr/share/texlive/texmf-dist/tex/latex/eso-pic/eso-pic.sty
Package: eso-pic 2015/07/21 v2.0g eso-pic (RN)
 (/usr/share/texlive/texmf-dist/tex/generic/oberdiek/atbegshi.sty
Package: atbegshi 2016/06/09 v1.18 At begin shipout hook (HO)
 (/usr/share/texlive/texmf-dist/tex/generic/oberdiek/infwarerr.sty
Package: infwarerr 2016/05/16 v1.4 Providing info/warning/error messages (HO)
) (/usr/share/texlive/texmf-dist/tex/generic/oberdiek/ltxcmds.sty
Package: ltxcmds 2016/05/16 v1.23 LaTeX kernel commands for general use (HO)
) (/usr/share/texlive/texmf-dist/tex/generic/oberdiek/ifpdf.sty
Package: ifpdf 2016/05/14 v3.1 Provides the ifpdf switch
)) (/usr/share/texlive/texmf-dist/tex/latex/graphics/keyval.sty
Package: keyval 2014/10/28 v1.15 key=value parser (DPC)
\KV@toks@=\toks14
) (/usr/share/texlive/texmf-dist/tex/latex/xcolor/xcolor.sty
Package: xcolor 2016/05/11 v2.12 LaTeX color extensions (UK)
 (/usr/share/texlive/texmf-dist/tex/latex/graphics-cfg/color.cfg
File: color.cfg 2016/01/02 v1.6 sample color configuration
)
Package xcolor Info: Driver file: pdftex.def on input line 225.
 (/usr/share/texlive/texmf-dist/tex/latex/graphics-def/pdftex.def
File: pdftex.def 2016/07/10 v0.06j Graphics/color for pdfTeX
\Gread@gobject=\count87
)
Package xcolor Info: Model `cmy' substituted by `cmy0' on input line 1348.
Package xcolor Info: Model `hsb' substituted by `rgb' on input line 1352.
Package xcolor Info: Model `RGB' extended on input line 1364.
Package xcolor Info: Model `HTML' substituted by `rgb' on input line 1366.
Package xcolor Info: Model `Hsb' substituted by `hsb' on input line 1367.
Package xcolor Info: Model `tHsb' substituted by `hsb' on input line 1368.
Package xcolor Info: Model `HSB' substituted by `hsb' on input line 1369.
Package xcolor Info: Model `Gray' substituted by `gray' on input line 1370.
Package xcolor Info: Model `wave' substituted by `hsb' on input line 1371.
)) (/media/zero/data1/projects/finished/cnn-viz/git_repo/final/fancyhdr.sty
\fancy@headwidth=\skip43
\f@ncyO@elh=\skip44
\f@ncyO@erh=\skip45
\f@ncyO@olh=\skip46
\f@ncyO@orh=\skip47
\f@ncyO@elf=\skip48
\f@ncyO@erf=\skip49
\f@ncyO@olf=\skip50
\f@ncyO@orf=\skip51
) (/media/zero/data1/projects/finished/cnn-viz/git_repo/final/natbib.sty
Package: natbib 2009/07/16 8.31 (PWD, AO)
\bibhang=\skip52
\bibsep=\skip53
LaTeX Info: Redefining \cite on input line 694.
\c@NAT@ctr=\count88
)) (/usr/share/texlive/texmf-dist/tex/latex/psnfss/times.sty
Package: times 2005/04/12 PSNFSS-v9.2a (SPQR) 
) (/usr/share/texlive/texmf-dist/tex/latex/hyperref/hyperref.sty
Package: hyperref 2016/06/24 v6.83q Hypertext links for LaTeX

(/usr/share/texlive/texmf-dist/tex/generic/oberdiek/hobsub-hyperref.sty
Package: hobsub-hyperref 2016/05/16 v1.14 Bundle oberdiek, subset hyperref (HO)
 (/usr/share/texlive/texmf-dist/tex/generic/oberdiek/hobsub-generic.sty
Package: hobsub-generic 2016/05/16 v1.14 Bundle oberdiek, subset generic (HO)
Package: hobsub 2016/05/16 v1.14 Construct package bundles (HO)
Package hobsub Info: Skipping package `infwarerr' (already loaded).
Package hobsub Info: Skipping package `ltxcmds' (already loaded).
Package: ifluatex 2016/05/16 v1.4 Provides the ifluatex switch (HO)
Package ifluatex Info: LuaTeX not detected.
Package: ifvtex 2016/05/16 v1.6 Detect VTeX and its facilities (HO)
Package ifvtex Info: VTeX not detected.
Package: intcalc 2016/05/16 v1.2 Expandable calculations with integers (HO)
Package hobsub Info: Skipping package `ifpdf' (already loaded).
Package: etexcmds 2016/05/16 v1.6 Avoid name clashes with e-TeX commands (HO)
Package etexcmds Info: Could not find \expanded.
(etexcmds)             That can mean that you are not using pdfTeX 1.50 or
(etexcmds)             that some package has redefined \expanded.
(etexcmds)             In the latter case, load this package earlier.
Package: kvsetkeys 2016/05/16 v1.17 Key value parser (HO)
Package: kvdefinekeys 2016/05/16 v1.4 Define keys (HO)
Package: pdftexcmds 2016/05/21 v0.22 Utility functions of pdfTeX for LuaTeX (HO)
Package pdftexcmds Info: LuaTeX not detected.
Package pdftexcmds Info: \pdf@primitive is available.
Package pdftexcmds Info: \pdf@ifprimitive is available.
Package pdftexcmds Info: \pdfdraftmode found.
Package: pdfescape 2016/05/16 v1.14 Implements pdfTeX's escape features (HO)
Package: bigintcalc 2016/05/16 v1.4 Expandable calculations on big integers (HO)
Package: bitset 2016/05/16 v1.2 Handle bit-vector datatype (HO)
Package: uniquecounter 2016/05/16 v1.3 Provide unlimited unique counter (HO)
)
Package hobsub Info: Skipping package `hobsub' (already loaded).
Package: letltxmacro 2016/05/16 v1.5 Let assignment for LaTeX macros (HO)
Package: hopatch 2016/05/16 v1.3 Wrapper for package hooks (HO)
Package: xcolor-patch 2016/05/16 xcolor patch
Package: atveryend 2016/05/16 v1.9 Hooks at the very end of document (HO)
Package atveryend Info: \enddocument detected (standard20110627).
Package hobsub Info: Skipping package `atbegshi' (already loaded).
Package: refcount 2016/05/16 v3.5 Data extraction from label references (HO)
Package: hycolor 2016/05/16 v1.8 Color options for hyperref/bookmark (HO)
) (/usr/share/texlive/texmf-dist/tex/generic/ifxetex/ifxetex.sty
Package: ifxetex 2010/09/12 v0.6 Provides ifxetex conditional
) (/usr/share/texlive/texmf-dist/tex/latex/oberdiek/auxhook.sty
Package: auxhook 2016/05/16 v1.4 Hooks for auxiliary files (HO)
) (/usr/share/texlive/texmf-dist/tex/latex/oberdiek/kvoptions.sty
Package: kvoptions 2016/05/16 v3.12 Key value format for package options (HO)
)
\@linkdim=\dimen103
\Hy@linkcounter=\count89
\Hy@pagecounter=\count90
 (/usr/share/texlive/texmf-dist/tex/latex/hyperref/pd1enc.def
File: pd1enc.def 2016/06/24 v6.83q Hyperref: PDFDocEncoding definition (HO)
)
\Hy@SavedSpaceFactor=\count91
 (/usr/share/texlive/texmf-dist/tex/latex/latexconfig/hyperref.cfg
File: hyperref.cfg 2002/06/06 v1.2 hyperref configuration of TeXLive
)
Package hyperref Info: Hyper figures OFF on input line 4486.
Package hyperref Info: Link nesting OFF on input line 4491.
Package hyperref Info: Hyper index ON on input line 4494.
Package hyperref Info: Plain pages OFF on input line 4501.
Package hyperref Info: Backreferencing OFF on input line 4506.
Package hyperref Info: Implicit mode ON; LaTeX internals redefined.
Package hyperref Info: Bookmarks ON on input line 4735.
\c@Hy@tempcnt=\count92
 (/usr/share/texlive/texmf-dist/tex/latex/url/url.sty
\Urlmuskip=\muskip10
Package: url 2013/09/16  ver 3.4  Verb mode for urls, etc.
)
LaTeX Info: Redefining \url on input line 5088.
\XeTeXLinkMargin=\dimen104
\Fld@menulength=\count93
\Field@Width=\dimen105
\Fld@charsize=\dimen106
Package hyperref Info: Hyper figures OFF on input line 6342.
Package hyperref Info: Link nesting OFF on input line 6347.
Package hyperref Info: Hyper index ON on input line 6350.
Package hyperref Info: backreferencing OFF on input line 6357.
Package hyperref Info: Link coloring OFF on input line 6362.
Package hyperref Info: Link coloring with OCG OFF on input line 6367.
Package hyperref Info: PDF/A mode OFF on input line 6372.
LaTeX Info: Redefining \ref on input line 6412.
LaTeX Info: Redefining \pageref on input line 6416.
\Hy@abspage=\count94
\c@Item=\count95
\c@Hfootnote=\count96
)

Package hyperref Message: Driver (autodetected): hpdftex.

(/usr/share/texlive/texmf-dist/tex/latex/hyperref/hpdftex.def
File: hpdftex.def 2016/06/24 v6.83q Hyperref driver for pdfTeX
\Fld@listcount=\count97
\c@bookmark@seq@number=\count98
 (/usr/share/texlive/texmf-dist/tex/latex/oberdiek/rerunfilecheck.sty
Package: rerunfilecheck 2016/05/16 v1.8 Rerun checks for auxiliary files (HO)
Package uniquecounter Info: New unique counter `rerunfilecheck' on input line 282.
)
\Hy@SectionHShift=\skip54
) (/usr/share/texlive/texmf-dist/tex/latex/graphics/graphicx.sty
Package: graphicx 2014/10/28 v1.0g Enhanced LaTeX Graphics (DPC,SPQR)
 (/usr/share/texlive/texmf-dist/tex/latex/graphics/graphics.sty
Package: graphics 2016/07/10 v1.0t Standard LaTeX Graphics (DPC,SPQR)
 (/usr/share/texlive/texmf-dist/tex/latex/graphics/trig.sty
Package: trig 2016/01/03 v1.10 sin cos tan (DPC)
) (/usr/share/texlive/texmf-dist/tex/latex/graphics-cfg/graphics.cfg
File: graphics.cfg 2016/06/04 v1.11 sample graphics configuration
)
Package graphics Info: Driver file: pdftex.def on input line 99.
)
\Gin@req@height=\dimen107
\Gin@req@width=\dimen108
) (/usr/share/texlive/texmf-dist/tex/latex/placeins/placeins.sty
Package: placeins 2005/04/18  v 2.2
) (/media/zero/data1/projects/finished/cnn-viz/git_repo/final/final.aux)
\openout1 = `final.aux'.

LaTeX Font Info:    Checking defaults for OML/cmm/m/it on input line 23.
LaTeX Font Info:    ... okay on input line 23.
LaTeX Font Info:    Checking defaults for T1/cmr/m/n on input line 23.
LaTeX Font Info:    ... okay on input line 23.
LaTeX Font Info:    Checking defaults for OT1/cmr/m/n on input line 23.
LaTeX Font Info:    ... okay on input line 23.
LaTeX Font Info:    Checking defaults for OMS/cmsy/m/n on input line 23.
LaTeX Font Info:    ... okay on input line 23.
LaTeX Font Info:    Checking defaults for OMX/cmex/m/n on input line 23.
LaTeX Font Info:    ... okay on input line 23.
LaTeX Font Info:    Checking defaults for U/cmr/m/n on input line 23.
LaTeX Font Info:    ... okay on input line 23.
LaTeX Font Info:    Checking defaults for PD1/pdf/m/n on input line 23.
LaTeX Font Info:    ... okay on input line 23.
LaTeX Font Info:    Try loading font information for OT1+ptm on input line 23.
 (/usr/share/texlive/texmf-dist/tex/latex/psnfss/ot1ptm.fd
File: ot1ptm.fd 2001/06/04 font definitions for OT1/ptm.
)
\AtBeginShipoutBox=\box26
 (/usr/share/texlive/texmf-dist/tex/context/base/mkii/supp-pdf.mkii
[Loading MPS to PDF converter (version 2006.09.02).]
\scratchcounter=\count99
\scratchdimen=\dimen109
\scratchbox=\box27
\nofMPsegments=\count100
\nofMParguments=\count101
\everyMPshowfont=\toks15
\MPscratchCnt=\count102
\MPscratchDim=\dimen110
\MPnumerator=\count103
\makeMPintoPDFobject=\count104
\everyMPtoPDFconversion=\toks16
) (/usr/share/texlive/texmf-dist/tex/latex/oberdiek/epstopdf-base.sty
Package: epstopdf-base 2016/05/15 v2.6 Base part for package epstopdf
 (/usr/share/texlive/texmf-dist/tex/latex/oberdiek/grfext.sty
Package: grfext 2016/05/16 v1.2 Manage graphics extensions (HO)
)
Package epstopdf-base Info: Redefining graphics rule for `.eps' on input line 438.
Package grfext Info: Graphics extension search list:
(grfext)             [.png,.pdf,.jpg,.mps,.jpeg,.jbig2,.jb2,.PNG,.PDF,.JPG,.JPEG,.JBIG2,.JB2,.eps]
(grfext)             \AppendGraphicsExtensions on input line 456.
 (/usr/share/texlive/texmf-dist/tex/latex/latexconfig/epstopdf-sys.cfg
File: epstopdf-sys.cfg 2010/07/13 v1.3 Configuration of (r)epstopdf for TeX Live
))
Package hyperref Info: Link coloring OFF on input line 23.
 (/usr/share/texlive/texmf-dist/tex/latex/hyperref/nameref.sty
Package: nameref 2016/05/21 v2.44 Cross-referencing by name of section
 (/usr/share/texlive/texmf-dist/tex/generic/oberdiek/gettitlestring.sty
Package: gettitlestring 2016/05/16 v1.5 Cleanup title references (HO)
)
\c@section@level=\count105
)
LaTeX Info: Redefining \ref on input line 23.
LaTeX Info: Redefining \pageref on input line 23.
LaTeX Info: Redefining \nameref on input line 23.
 (/media/zero/data1/projects/finished/cnn-viz/git_repo/final/final.out) (/media/zero/data1/projects/finished/cnn-viz/git_repo/final/final.out)
\@outlinefile=\write3
\openout3 = `final.out'.

LaTeX Font Info:    External font `cmex10' loaded for size
(Font)              <7> on input line 27.
LaTeX Font Info:    External font `cmex10' loaded for size
(Font)              <5> on input line 27.
LaTeX Font Info:    Font shape `OT1/ptm/bx/n' in size <10> not available
(Font)              Font shape `OT1/ptm/b/n' tried instead on input line 27.
LaTeX Font Info:    Try loading font information for OT1+pcr on input line 27.
 (/usr/share/texlive/texmf-dist/tex/latex/psnfss/ot1pcr.fd
File: ot1pcr.fd 2001/06/04 font definitions for OT1/pcr.
)
LaTeX Font Info:    Try loading font information for OMS+pcr on input line 27.
 (/usr/share/texlive/texmf-dist/tex/latex/psnfss/omspcr.fd
File: omspcr.fd 
)
LaTeX Font Info:    Font shape `OMS/pcr/m/n' in size <10> not available
(Font)              Font shape `OMS/cmsy/m/n' tried instead on input line 27.
 <conv.png, id=52, 781.92125pt x 212.795pt>
File: conv.png Graphic file (type png)
 <use conv.png>
Package pdftex.def Info: conv.png used on input line 45.
(pdftex.def)             Requested size: 397.48499pt x 108.17332pt.

/media/zero/data1/projects/finished/cnn-viz/git_repo/final/final.tex:64: Misplaced alignment tab character &.
l.64 ...ation and deconvolution networks. Zeiler &
                                                   Fergus (2014) introduced a
I can't figure out why you would want to use a tab mark
here. If you just want an ampersand, the remedy is
simple: Just type `I\&' now. But if some right brace
up above has ended a previous alignment prematurely,
you're probably due for more error messages, and you
might try typing `S' now just to see what is salvageable.

[1{/var/lib/texmf/fonts/map/pdftex/updmap/pdftex.map}

 </media/zero/data1/projects/finished/cnn-viz/git_repo/final/conv.png>] <dnet.png, id=75, 956.57375pt x 702.625pt>
/media/zero/data1/projects/finished/cnn-viz/git_repo/final/final.tex:80: Illegal unit of measure (pt inserted).
<to be read again> 
                   \relax 
l.80   \includegraphics[width=350]{dnet.png}
                                            
Dimensions can be in units of em, ex, in, pt, pc,
cm, mm, dd, cc, nd, nc, bp, or sp; but yours is a new one!
I'll assume that you meant to say pt, for printer's points.
To recover gracefully from this error, it's best to
delete the erroneous units; e.g., type `2' to delete
two letters. (See Chapter 27 of The TeXbook.)

/media/zero/data1/projects/finished/cnn-viz/git_repo/final/final.tex:80: Illegal unit of measure (pt inserted).
<to be read again> 
                   \relax 
l.80   \includegraphics[width=350]{dnet.png}
                                            
Dimensions can be in units of em, ex, in, pt, pc,
cm, mm, dd, cc, nd, nc, bp, or sp; but yours is a new one!
I'll assume that you meant to say pt, for printer's points.
To recover gracefully from this error, it's best to
delete the erroneous units; e.g., type `2' to delete
two letters. (See Chapter 27 of The TeXbook.)

File: dnet.png Graphic file (type png)
<use dnet.png>
Package pdftex.def Info: dnet.png used on input line 80.
(pdftex.def)             Requested size: 350.0pt x 257.08318pt.
 <dnet_out.png, id=76, 224.84pt x 224.84pt>
/media/zero/data1/projects/finished/cnn-viz/git_repo/final/final.tex:87: Illegal unit of measure (pt inserted).
<to be read again> 
                   \relax 
l.87   \includegraphics[width=200]{dnet_out.png}
                                                
Dimensions can be in units of em, ex, in, pt, pc,
cm, mm, dd, cc, nd, nc, bp, or sp; but yours is a new one!
I'll assume that you meant to say pt, for printer's points.
To recover gracefully from this error, it's best to
delete the erroneous units; e.g., type `2' to delete
two letters. (See Chapter 27 of The TeXbook.)

/media/zero/data1/projects/finished/cnn-viz/git_repo/final/final.tex:87: Illegal unit of measure (pt inserted).
<to be read again> 
                   \relax 
l.87   \includegraphics[width=200]{dnet_out.png}
                                                
Dimensions can be in units of em, ex, in, pt, pc,
cm, mm, dd, cc, nd, nc, bp, or sp; but yours is a new one!
I'll assume that you meant to say pt, for printer's points.
To recover gracefully from this error, it's best to
delete the erroneous units; e.g., type `2' to delete
two letters. (See Chapter 27 of The TeXbook.)

File: dnet_out.png Graphic file (type png)
<use dnet_out.png>
Package pdftex.def Info: dnet_out.png used on input line 87.
(pdftex.def)             Requested size: 200.0pt x 200.00748pt.
 <ga_out.png, id=77, 1062.97125pt x 397.485pt>
File: ga_out.png Graphic file (type png)
 <use ga_out.png>
Package pdftex.def Info: ga_out.png used on input line 100.
(pdftex.def)             Requested size: 397.48499pt x 148.638pt.
 [2 </media/zero/data1/projects/finished/cnn-viz/git_repo/final/dnet.png> </media/zero/data1/projects/finished/cnn-viz/git_repo/final/dnet_out.png (PNG copy)>] <tsne.jpeg, id=86, 1009.7725pt x 376.40625pt>
File: tsne.jpeg Graphic file (type jpg)
 <use tsne.jpeg>
Package pdftex.def Info: tsne.jpeg used on input line 117.
(pdftex.def)             Requested size: 397.48499pt x 148.17053pt.
 [3 </media/zero/data1/projects/finished/cnn-viz/git_repo/final/ga_out.png> </media/zero/data1/projects/finished/cnn-viz/git_repo/final/tsne.jpeg>] <m2_1.png, id=95, 224.84pt x 224.84pt>
/media/zero/data1/projects/finished/cnn-viz/git_repo/final/final.tex:149: Illegal unit of measure (pt inserted).
<to be read again> 
                   \relax 
l.149   \includegraphics[width=200]{m2_1.png}
                                             
Dimensions can be in units of em, ex, in, pt, pc,
cm, mm, dd, cc, nd, nc, bp, or sp; but yours is a new one!
I'll assume that you meant to say pt, for printer's points.
To recover gracefully from this error, it's best to
delete the erroneous units; e.g., type `2' to delete
two letters. (See Chapter 27 of The TeXbook.)

/media/zero/data1/projects/finished/cnn-viz/git_repo/final/final.tex:149: Illegal unit of measure (pt inserted).
<to be read again> 
                   \relax 
l.149   \includegraphics[width=200]{m2_1.png}
                                             
Dimensions can be in units of em, ex, in, pt, pc,
cm, mm, dd, cc, nd, nc, bp, or sp; but yours is a new one!
I'll assume that you meant to say pt, for printer's points.
To recover gracefully from this error, it's best to
delete the erroneous units; e.g., type `2' to delete
two letters. (See Chapter 27 of The TeXbook.)

File: m2_1.png Graphic file (type png)
<use m2_1.png>
Package pdftex.def Info: m2_1.png used on input line 149.
(pdftex.def)             Requested size: 200.0pt x 200.00748pt.
 <m2_2.png, id=96, 224.84pt x 224.84pt>
/media/zero/data1/projects/finished/cnn-viz/git_repo/final/final.tex:156: Illegal unit of measure (pt inserted).
<to be read again> 
                   \relax 
l.156   \includegraphics[width=200]{m2_2.png}
                                             
Dimensions can be in units of em, ex, in, pt, pc,
cm, mm, dd, cc, nd, nc, bp, or sp; but yours is a new one!
I'll assume that you meant to say pt, for printer's points.
To recover gracefully from this error, it's best to
delete the erroneous units; e.g., type `2' to delete
two letters. (See Chapter 27 of The TeXbook.)

/media/zero/data1/projects/finished/cnn-viz/git_repo/final/final.tex:156: Illegal unit of measure (pt inserted).
<to be read again> 
                   \relax 
l.156   \includegraphics[width=200]{m2_2.png}
                                             
Dimensions can be in units of em, ex, in, pt, pc,
cm, mm, dd, cc, nd, nc, bp, or sp; but yours is a new one!
I'll assume that you meant to say pt, for printer's points.
To recover gracefully from this error, it's best to
delete the erroneous units; e.g., type `2' to delete
two letters. (See Chapter 27 of The TeXbook.)

File: m2_2.png Graphic file (type png)
<use m2_2.png>
Package pdftex.def Info: m2_2.png used on input line 156.
(pdftex.def)             Requested size: 200.0pt x 200.00748pt.


LaTeX Warning: `h' float specifier changed to `ht'.

<m1_1.png, id=97, 444.66125pt x 438.63875pt>
/media/zero/data1/projects/finished/cnn-viz/git_repo/final/final.tex:165: Illegal unit of measure (pt inserted).
<to be read again> 
                   \relax 
l.165   \includegraphics[width=200]{m1_1.png}
                                             
Dimensions can be in units of em, ex, in, pt, pc,
cm, mm, dd, cc, nd, nc, bp, or sp; but yours is a new one!
I'll assume that you meant to say pt, for printer's points.
To recover gracefully from this error, it's best to
delete the erroneous units; e.g., type `2' to delete
two letters. (See Chapter 27 of The TeXbook.)

/media/zero/data1/projects/finished/cnn-viz/git_repo/final/final.tex:165: Illegal unit of measure (pt inserted).
<to be read again> 
                   \relax 
l.165   \includegraphics[width=200]{m1_1.png}
                                             
Dimensions can be in units of em, ex, in, pt, pc,
cm, mm, dd, cc, nd, nc, bp, or sp; but yours is a new one!
I'll assume that you meant to say pt, for printer's points.
To recover gracefully from this error, it's best to
delete the erroneous units; e.g., type `2' to delete
two letters. (See Chapter 27 of The TeXbook.)

File: m1_1.png Graphic file (type png)
<use m1_1.png>
Package pdftex.def Info: m1_1.png used on input line 165.
(pdftex.def)             Requested size: 200.0pt x 197.2919pt.


LaTeX Warning: `h' float specifier changed to `ht'.

<m1_2.png, id=98, 439.6425pt x 438.63875pt>
/media/zero/data1/projects/finished/cnn-viz/git_repo/final/final.tex:172: Illegal unit of measure (pt inserted).
<to be read again> 
                   \relax 
l.172   \includegraphics[width=200]{m1_2.png}
                                             
Dimensions can be in units of em, ex, in, pt, pc,
cm, mm, dd, cc, nd, nc, bp, or sp; but yours is a new one!
I'll assume that you meant to say pt, for printer's points.
To recover gracefully from this error, it's best to
delete the erroneous units; e.g., type `2' to delete
two letters. (See Chapter 27 of The TeXbook.)

/media/zero/data1/projects/finished/cnn-viz/git_repo/final/final.tex:172: Illegal unit of measure (pt inserted).
<to be read again> 
                   \relax 
l.172   \includegraphics[width=200]{m1_2.png}
                                             
Dimensions can be in units of em, ex, in, pt, pc,
cm, mm, dd, cc, nd, nc, bp, or sp; but yours is a new one!
I'll assume that you meant to say pt, for printer's points.
To recover gracefully from this error, it's best to
delete the erroneous units; e.g., type `2' to delete
two letters. (See Chapter 27 of The TeXbook.)

File: m1_2.png Graphic file (type png)
<use m1_2.png>
Package pdftex.def Info: m1_2.png used on input line 172.
(pdftex.def)             Requested size: 200.0pt x 199.54077pt.


LaTeX Warning: `h' float specifier changed to `ht'.

<m1_3.png, id=99, 440.64626pt x 437.635pt>
/media/zero/data1/projects/finished/cnn-viz/git_repo/final/final.tex:179: Illegal unit of measure (pt inserted).
<to be read again> 
                   \relax 
l.179   \includegraphics[width=200]{m1_3.png}
                                             
Dimensions can be in units of em, ex, in, pt, pc,
cm, mm, dd, cc, nd, nc, bp, or sp; but yours is a new one!
I'll assume that you meant to say pt, for printer's points.
To recover gracefully from this error, it's best to
delete the erroneous units; e.g., type `2' to delete
two letters. (See Chapter 27 of The TeXbook.)

/media/zero/data1/projects/finished/cnn-viz/git_repo/final/final.tex:179: Illegal unit of measure (pt inserted).
<to be read again> 
                   \relax 
l.179   \includegraphics[width=200]{m1_3.png}
                                             
Dimensions can be in units of em, ex, in, pt, pc,
cm, mm, dd, cc, nd, nc, bp, or sp; but yours is a new one!
I'll assume that you meant to say pt, for printer's points.
To recover gracefully from this error, it's best to
delete the erroneous units; e.g., type `2' to delete
two letters. (See Chapter 27 of The TeXbook.)

File: m1_3.png Graphic file (type png)
<use m1_3.png>
Package pdftex.def Info: m1_3.png used on input line 179.
(pdftex.def)             Requested size: 200.0pt x 198.63008pt.


LaTeX Warning: `h' float specifier changed to `ht'.

<ss1.png, id=100, 1927.2pt x 1084.05pt>
/media/zero/data1/projects/finished/cnn-viz/git_repo/final/final.tex:187: Illegal unit of measure (pt inserted).
<to be read again> 
                   \relax 
l.187   \includegraphics[width=400]{ss1.png}
                                            
Dimensions can be in units of em, ex, in, pt, pc,
cm, mm, dd, cc, nd, nc, bp, or sp; but yours is a new one!
I'll assume that you meant to say pt, for printer's points.
To recover gracefully from this error, it's best to
delete the erroneous units; e.g., type `2' to delete
two letters. (See Chapter 27 of The TeXbook.)

/media/zero/data1/projects/finished/cnn-viz/git_repo/final/final.tex:187: Illegal unit of measure (pt inserted).
<to be read again> 
                   \relax 
l.187   \includegraphics[width=400]{ss1.png}
                                            
Dimensions can be in units of em, ex, in, pt, pc,
cm, mm, dd, cc, nd, nc, bp, or sp; but yours is a new one!
I'll assume that you meant to say pt, for printer's points.
To recover gracefully from this error, it's best to
delete the erroneous units; e.g., type `2' to delete
two letters. (See Chapter 27 of The TeXbook.)

File: ss1.png Graphic file (type png)
<use ss1.png>
Package pdftex.def Info: ss1.png used on input line 187.
(pdftex.def)             Requested size: 400.0pt x 224.99408pt.

Overfull \hbox (2.51501pt too wide) in paragraph at lines 187--188
 [] 
 []


LaTeX Warning: `h' float specifier changed to `ht'.

<ss2.png, id=101, 1927.2pt x 1084.05pt>
/media/zero/data1/projects/finished/cnn-viz/git_repo/final/final.tex:194: Illegal unit of measure (pt inserted).
<to be read again> 
                   \relax 
l.194   \includegraphics[width=400]{ss2.png}
                                            
Dimensions can be in units of em, ex, in, pt, pc,
cm, mm, dd, cc, nd, nc, bp, or sp; but yours is a new one!
I'll assume that you meant to say pt, for printer's points.
To recover gracefully from this error, it's best to
delete the erroneous units; e.g., type `2' to delete
two letters. (See Chapter 27 of The TeXbook.)

/media/zero/data1/projects/finished/cnn-viz/git_repo/final/final.tex:194: Illegal unit of measure (pt inserted).
<to be read again> 
                   \relax 
l.194   \includegraphics[width=400]{ss2.png}
                                            
Dimensions can be in units of em, ex, in, pt, pc,
cm, mm, dd, cc, nd, nc, bp, or sp; but yours is a new one!
I'll assume that you meant to say pt, for printer's points.
To recover gracefully from this error, it's best to
delete the erroneous units; e.g., type `2' to delete
two letters. (See Chapter 27 of The TeXbook.)

File: ss2.png Graphic file (type png)
<use ss2.png>
Package pdftex.def Info: ss2.png used on input line 194.
(pdftex.def)             Requested size: 400.0pt x 224.99408pt.

Overfull \hbox (2.51501pt too wide) in paragraph at lines 194--195
 [] 
 []


LaTeX Warning: `h' float specifier changed to `ht'.

<ss3.png, id=102, 1927.2pt x 1084.05pt>
/media/zero/data1/projects/finished/cnn-viz/git_repo/final/final.tex:201: Illegal unit of measure (pt inserted).
<to be read again> 
                   \relax 
l.201   \includegraphics[width=400]{ss3.png}
                                            
Dimensions can be in units of em, ex, in, pt, pc,
cm, mm, dd, cc, nd, nc, bp, or sp; but yours is a new one!
I'll assume that you meant to say pt, for printer's points.
To recover gracefully from this error, it's best to
delete the erroneous units; e.g., type `2' to delete
two letters. (See Chapter 27 of The TeXbook.)

/media/zero/data1/projects/finished/cnn-viz/git_repo/final/final.tex:201: Illegal unit of measure (pt inserted).
<to be read again> 
                   \relax 
l.201   \includegraphics[width=400]{ss3.png}
                                            
Dimensions can be in units of em, ex, in, pt, pc,
cm, mm, dd, cc, nd, nc, bp, or sp; but yours is a new one!
I'll assume that you meant to say pt, for printer's points.
To recover gracefully from this error, it's best to
delete the erroneous units; e.g., type `2' to delete
two letters. (See Chapter 27 of The TeXbook.)

File: ss3.png Graphic file (type png)
<use ss3.png>
Package pdftex.def Info: ss3.png used on input line 201.
(pdftex.def)             Requested size: 400.0pt x 224.99408pt.

Overfull \hbox (2.51501pt too wide) in paragraph at lines 201--202
 [] 
 []


LaTeX Warning: `h' float specifier changed to `ht'.

[4 </media/zero/data1/projects/finished/cnn-viz/git_repo/final/m2_1.png (PNG copy)>] [5 </media/zero/data1/projects/finished/cnn-viz/git_repo/final/m2_2.png (PNG copy)> </media/zero/data1/projects/finished/cnn-viz/git_repo/final/m1_1.png>] [6 </media/zero/data1/projects/finished/cnn-viz/git_repo/final/m1_2.png> </media/zero/data1/projects/finished/cnn-viz/git_repo/final/m1_3.png>] [7 </media/zero/data1/projects/finished/cnn-viz/git_repo/final/ss1.png> </media/zero/data1/projects/finished/cnn-viz/git_repo/final/ss2.png>] [8 </media/zero/data1/projects/finished/cnn-viz/git_repo/final/ss3.png>] (/media/zero/data1/projects/finished/cnn-viz/git_repo/final/final.bbl)
Package atveryend Info: Empty hook `BeforeClearDocument' on input line 226.
 [9

]
Package atveryend Info: Empty hook `AfterLastShipout' on input line 226.
 (/media/zero/data1/projects/finished/cnn-viz/git_repo/final/final.aux)
Package atveryend Info: Executing hook `AtVeryEndDocument' on input line 226.
Package atveryend Info: Executing hook `AtEndAfterFileList' on input line 226.
Package rerunfilecheck Info: File `final.out' has not changed.
(rerunfilecheck)             Checksum: 5EB653614C8318AA20D0E58D30314C98;678.
Package atveryend Info: Empty hook `AtVeryVeryEnd' on input line 226.
 ) 
Here is how much of TeX's memory you used:
 6308 strings out of 493013
 91822 string characters out of 6135682
 182089 words of memory out of 5000000
 9734 multiletter control sequences out of 15000+600000
 17943 words of font info for 33 fonts, out of 8000000 for 9000
 1141 hyphenation exceptions out of 8191
 37i,12n,45p,254b,351s stack positions out of 5000i,500n,10000p,200000b,80000s
{/usr/share/texlive/texmf-dist/fonts/enc/dvips/base/8r.enc}</usr/share/texlive/texmf-dist/fonts/type1/public/amsfonts/cm/cmsy10.pfb></usr/share/texlive/texmf-dist/fonts/type1/urw/courier/ucrr8a.pfb></usr/share/texlive/texmf-dist/fonts/type1/urw/times/utmb8a.pfb></usr/share/texlive/texmf-dist/fonts/type1/urw/times/utmr8a.pfb></usr/share/texlive/texmf-dist/fonts/type1/urw/times/utmri8a.pfb>
Output written on /media/zero/data1/projects/finished/cnn-viz/git_repo/final/final.pdf (9 pages, 4080396 bytes).
PDF statistics:
 170 PDF objects out of 1000 (max. 8388607)
 138 compressed objects within 2 object streams
 39 named destinations out of 1000 (max. 500000)
 154 words of extra memory for PDF output out of 10000 (max. 10000000)

